Arguments: 
  /home/rafael/.asdf/installs/nodejs/20.3.0/bin/node /usr/sbin/yarn

PATH: 
  /home/rafael/.asdf/plugins/nodejs/shims:/home/rafael/.asdf/installs/nodejs/20.3.0/bin:/home/rafael/.local/share/pnpm:/home/rafael/.local/bin:/home/rafael/.cargo/bin:/home/rafael/.asdf/shims:/opt/asdf-vm/bin:/home/rafael/Projects/personal/personal-scripts/env/bin:/usr/local/sbin:/usr/local/bin:/usr/sbin:/usr/bin:/sbin:/bin:/usr/games:/usr/local/games:/usr/lib/wsl/lib:/mnt/c/Windows/system32:/mnt/c/Windows:/mnt/c/Windows/System32/Wbem:/mnt/c/Windows/System32/WindowsPowerShell/v1.0/:/mnt/c/Windows/System32/OpenSSH/:/mnt/c/Program Files/Git/cmd:/mnt/c/HashiCorp/Vagrant/bin:/Docker/host/bin:/mnt/c/Users/rafae/AppData/Local/Programs/Python/Python311/Scripts/:/mnt/c/Users/rafae/AppData/Local/Programs/Python/Python311/:/mnt/c/Users/rafae/AppData/Local/Microsoft/WindowsApps:/mnt/c/Users/rafae/AppData/Local/Programs/Microsoft VS Code/bin:/usr/bin/site_perl:/usr/bin/vendor_perl:/usr/bin/core_perl

Yarn version: 
  1.22.19

Node version: 
  20.3.0

Platform: 
  linux x64

Trace: 
  SyntaxError: /home/rafael/Projects/infra/jenkins-pipelines/package.json: Expected double-quoted property name in JSON at position 272
      at JSON.parse (<anonymous>)
      at /usr/lib/node_modules/yarn/lib/cli.js:1629:59
      at Generator.next (<anonymous>)
      at step (/usr/lib/node_modules/yarn/lib/cli.js:310:30)
      at /usr/lib/node_modules/yarn/lib/cli.js:321:13

npm manifest: 
  {
    "name": "jenkins-pipeline",
    "version": "1.1.1",
    "description": "",
    "scripts": {
      "dev": "ts-node index.js LOG_TYPE=verbose",
      "build": "yarn compile:server",
      "compile:server": "tsc",
      "tsc": "tsc"
    },
    "dependencies": {
      "ic-logs": "^2.1.0",
    },
    "devDependencies": {
      "ts-node": "^10.9.1",
      "typescript": "^5.1.6"
    },
  }

yarn manifest: 
  No manifest

Lockfile: 
  No lockfile
